[0m12:24:27.863971 [debug] [MainThread]: Sending event: {'category': 'dbt', 'action': 'invocation', 'label': 'start', 'context': [<snowplow_tracker.self_describing_json.SelfDescribingJson object at 0x00000216FD0BC6E0>, <snowplow_tracker.self_describing_json.SelfDescribingJson object at 0x00000216FCE997C0>, <snowplow_tracker.self_describing_json.SelfDescribingJson object at 0x00000216FD060D70>]}


============================== 12:24:27.863971 | 6d7126a7-1aba-4aa6-a680-01dc36e3685d ==============================
[0m12:24:27.863971 [info ] [MainThread]: Running with dbt=1.11.7
[0m12:24:27.875668 [debug] [MainThread]: running dbt with arguments {'static_parser': 'True', 'no_print': 'None', 'version_check': 'True', 'warn_error_options': 'WarnErrorOptionsV2(error=[], warn=[], silence=[])', 'target_path': 'None', 'printer_width': '80', 'write_json': 'True', 'introspect': 'True', 'log_cache_events': 'False', 'empty': 'None', 'cache_selected_only': 'False', 'log_format': 'default', 'debug': 'False', 'fail_fast': 'False', 'profiles_dir': 'C:\\Users\\JosephEmmanuelRemoto\\.dbt', 'send_anonymous_usage_stats': 'True', 'quiet': 'False', 'warn_error': 'None', 'partial_parse': 'True', 'invocation_command': 'dbt init sg_transport_dbt', 'indirect_selection': 'eager', 'use_colors': 'True', 'use_experimental_parser': 'False', 'log_path': 'logs'}
[0m12:24:27.926642 [debug] [MainThread]: Starter project path: C:\Users\JosephEmmanuelRemoto\hellofresh_gh\sg_public_transport_pipeline\.venv\Lib\site-packages\dbt\include\starter_project
[0m12:24:27.940203 [info ] [MainThread]: 
Your new dbt project "sg_transport_dbt" was created!

For more information on how to configure the profiles.yml file,
please consult the dbt documentation here:

  https://docs.getdbt.com/docs/configure-your-profile

One more thing:

Need help? Don't hesitate to reach out to us via GitHub issues or on Slack:

  https://community.getdbt.com/

Happy modeling!

[0m12:24:27.940203 [info ] [MainThread]: Setting up your profile.
[0m12:26:14.182135 [info ] [MainThread]: Profile sg_transport_dbt written to C:\Users\JosephEmmanuelRemoto\.dbt\profiles.yml using target's profile_template.yml and your supplied values. Run 'dbt debug' to validate the connection.
[0m12:26:14.185390 [debug] [MainThread]: Command `dbt init` succeeded at 12:26:14.185390 after 106.45 seconds
[0m12:26:14.185932 [debug] [MainThread]: Sending event: {'category': 'dbt', 'action': 'invocation', 'label': 'end', 'context': [<snowplow_tracker.self_describing_json.SelfDescribingJson object at 0x00000216FCDA8E60>, <snowplow_tracker.self_describing_json.SelfDescribingJson object at 0x000002169989FE00>, <snowplow_tracker.self_describing_json.SelfDescribingJson object at 0x00000216999FFFB0>]}
[0m12:26:14.185932 [debug] [MainThread]: Flushing usage events
[0m12:26:16.411377 [debug] [MainThread]: An error was encountered while trying to flush usage events
